<?xml version="1.0" encoding="UTF-8"?>
<testsuite name="sns.demo.web.controller.MemberControllerTest" tests="1" skipped="0" failures="0" errors="0" timestamp="2024-02-15T03:28:53" hostname="DESKTOP-QG9F5VA" time="0.241">
  <properties/>
  <testcase name="회원가입 성공 - 유저네임, 이메일, 비밀번호 입력" classname="sns.demo.web.controller.MemberControllerTest" time="0.241"/>
  <system-out><![CDATA[2024-02-15T12:28:53.095+09:00  INFO 3000 --- [    Test worker] t.c.s.AnnotationConfigContextLoaderUtils : Could not detect default configuration classes for test class [sns.demo.web.controller.MemberControllerTest]: MemberControllerTest does not declare any static, non-private, non-final, nested classes annotated with @Configuration.
2024-02-15T12:28:53.135+09:00  INFO 3000 --- [    Test worker] .b.t.c.SpringBootTestContextBootstrapper : Found @SpringBootConfiguration sns.demo.DemoApplication for test class sns.demo.web.controller.MemberControllerTest

  .   ____          _            __ _ _
 /\\ / ___'_ __ _ _(_)_ __  __ _ \ \ \ \
( ( )\___ | '_ | '_| | '_ \/ _` | \ \ \ \
 \\/  ___)| |_)| | | | | || (_| |  ) ) ) )
  '  |____| .__|_| |_|_| |_\__, | / / / /
 =========|_|==============|___/=/_/_/_/
 :: Spring Boot ::                (v3.2.2)

2024-02-15T12:28:53.162+09:00  INFO 3000 --- [    Test worker] s.d.web.controller.MemberControllerTest  : Starting MemberControllerTest using Java 17.0.8 with PID 3000 (started by admin in C:\develop_dir\tasty_sns)
2024-02-15T12:28:53.162+09:00  INFO 3000 --- [    Test worker] s.d.web.controller.MemberControllerTest  : No active profile set, falling back to 1 default profile: "default"
2024-02-15T12:28:53.847+09:00  WARN 3000 --- [    Test worker] .s.s.UserDetailsServiceAutoConfiguration : 

Using generated security password: c52d30da-af76-4dcb-9d70-f9a11862310f

This generated password is for development use only. Your security configuration must be updated before running your application in production.

2024-02-15T12:28:53.870+09:00  INFO 3000 --- [    Test worker] o.s.s.web.DefaultSecurityFilterChain     : Will secure any request with [org.springframework.security.web.session.DisableEncodeUrlFilter@5b2235a5, org.springframework.security.web.context.request.async.WebAsyncManagerIntegrationFilter@5af6378e, org.springframework.security.web.context.SecurityContextHolderFilter@3faadc24, org.springframework.security.web.header.HeaderWriterFilter@2c47135c, org.springframework.web.filter.CorsFilter@205b3a1a, org.springframework.security.web.csrf.CsrfFilter@6f475ede, org.springframework.security.web.authentication.logout.LogoutFilter@e39df43, org.springframework.security.web.authentication.UsernamePasswordAuthenticationFilter@450555ac, org.springframework.security.web.authentication.ui.DefaultLoginPageGeneratingFilter@30eb427c, org.springframework.security.web.authentication.ui.DefaultLogoutPageGeneratingFilter@447f9a09, org.springframework.security.web.authentication.www.BasicAuthenticationFilter@7c63146c, org.springframework.security.web.savedrequest.RequestCacheAwareFilter@6acec4a1, org.springframework.security.web.servletapi.SecurityContextHolderAwareRequestFilter@24a26847, org.springframework.security.web.authentication.AnonymousAuthenticationFilter@eba003e, org.springframework.security.web.access.ExceptionTranslationFilter@353f73ac, org.springframework.security.web.access.intercept.AuthorizationFilter@4a16325]
2024-02-15T12:28:53.922+09:00  INFO 3000 --- [    Test worker] o.s.b.t.m.w.SpringBootMockServletContext : Initializing Spring TestDispatcherServlet ''
2024-02-15T12:28:53.923+09:00  INFO 3000 --- [    Test worker] o.s.t.web.servlet.TestDispatcherServlet  : Initializing Servlet ''
2024-02-15T12:28:53.925+09:00  INFO 3000 --- [    Test worker] o.s.t.web.servlet.TestDispatcherServlet  : Completed initialization in 2 ms
2024-02-15T12:28:53.943+09:00  INFO 3000 --- [    Test worker] s.d.web.controller.MemberControllerTest  : Started MemberControllerTest in 0.804 seconds (process running for 9.15)
2024-02-15T12:28:53.997+09:00  INFO 3000 --- [    Test worker] s.demo.web.interceptor.LogInterceptor    : REQUEST [eb9136d5-d148-4b4a-904a-0eb5d7f0c44d][/members/new][sns.demo.web.controller.MemberController#createMember(JoinDTO, BindingResult, Errors)]
dto is JoinDTO(username=jewoo, password1=1234, password2=1234, email=jewoos15@naver.com)
2024-02-15T12:28:54.163+09:00  INFO 3000 --- [    Test worker] s.demo.web.interceptor.LogInterceptor    : postHandle [ModelAndView [view="redirect:/login"; model={}]]
2024-02-15T12:28:54.172+09:00  INFO 3000 --- [    Test worker] s.demo.web.interceptor.LogInterceptor    : RESPONSE [eb9136d5-d148-4b4a-904a-0eb5d7f0c44d][/members/new]
]]></system-out>
  <system-err><![CDATA[]]></system-err>
</testsuite>
