<?xml version="1.0" encoding="UTF-8"?>
<testsuite name="sns.demo.web.controller.MemberControllerTest" tests="1" skipped="0" failures="0" errors="0" timestamp="2024-02-15T15:53:06" hostname="DESKTOP-QG9F5VA" time="0.381">
  <properties/>
  <testcase name="회원가입 성공 - 유저네임, 이메일, 비밀번호 입력" classname="sns.demo.web.controller.MemberControllerTest" time="0.381"/>
  <system-out><![CDATA[2024-02-16T00:53:05.175+09:00  INFO 15720 --- [    Test worker] t.c.s.AnnotationConfigContextLoaderUtils : Could not detect default configuration classes for test class [sns.demo.web.controller.MemberControllerTest]: MemberControllerTest does not declare any static, non-private, non-final, nested classes annotated with @Configuration.
2024-02-16T00:53:05.209+09:00  INFO 15720 --- [    Test worker] .b.t.c.SpringBootTestContextBootstrapper : Found @SpringBootConfiguration sns.demo.DemoApplication for test class sns.demo.web.controller.MemberControllerTest

  .   ____          _            __ _ _
 /\\ / ___'_ __ _ _(_)_ __  __ _ \ \ \ \
( ( )\___ | '_ | '_| | '_ \/ _` | \ \ \ \
 \\/  ___)| |_)| | | | | || (_| |  ) ) ) )
  '  |____| .__|_| |_|_| |_\__, | / / / /
 =========|_|==============|___/=/_/_/_/
 :: Spring Boot ::                (v3.2.2)

2024-02-16T00:53:05.249+09:00  INFO 15720 --- [    Test worker] s.d.web.controller.MemberControllerTest  : Starting MemberControllerTest using Java 17.0.8 with PID 15720 (started by admin in C:\develop_dir\tasty_sns)
2024-02-16T00:53:05.249+09:00  INFO 15720 --- [    Test worker] s.d.web.controller.MemberControllerTest  : No active profile set, falling back to 1 default profile: "default"
2024-02-16T00:53:06.319+09:00  WARN 15720 --- [    Test worker] .s.s.UserDetailsServiceAutoConfiguration : 

Using generated security password: 9ec93e1a-6850-4f7a-b875-82b34b828ce4

This generated password is for development use only. Your security configuration must be updated before running your application in production.

2024-02-16T00:53:06.367+09:00  INFO 15720 --- [    Test worker] o.s.s.web.DefaultSecurityFilterChain     : Will secure any request with [org.springframework.security.web.session.DisableEncodeUrlFilter@6e4e7a62, org.springframework.security.web.context.request.async.WebAsyncManagerIntegrationFilter@2fdbd353, org.springframework.security.web.context.SecurityContextHolderFilter@23338420, org.springframework.security.web.header.HeaderWriterFilter@33458d84, org.springframework.web.filter.CorsFilter@492b12e5, org.springframework.security.web.csrf.CsrfFilter@58435220, org.springframework.security.web.authentication.logout.LogoutFilter@1761b129, org.springframework.security.web.authentication.UsernamePasswordAuthenticationFilter@3327337a, org.springframework.security.web.authentication.ui.DefaultLoginPageGeneratingFilter@6d553763, org.springframework.security.web.authentication.ui.DefaultLogoutPageGeneratingFilter@20ff27a4, org.springframework.security.web.authentication.www.BasicAuthenticationFilter@787239f5, org.springframework.security.web.savedrequest.RequestCacheAwareFilter@61231034, org.springframework.security.web.servletapi.SecurityContextHolderAwareRequestFilter@7263ad06, org.springframework.security.web.authentication.AnonymousAuthenticationFilter@3d7fc4b3, org.springframework.security.web.access.ExceptionTranslationFilter@15c0c274, org.springframework.security.web.access.intercept.AuthorizationFilter@5c51a7eb]
2024-02-16T00:53:06.437+09:00  INFO 15720 --- [    Test worker] o.s.b.t.m.w.SpringBootMockServletContext : Initializing Spring TestDispatcherServlet ''
2024-02-16T00:53:06.437+09:00  INFO 15720 --- [    Test worker] o.s.t.web.servlet.TestDispatcherServlet  : Initializing Servlet ''
2024-02-16T00:53:06.444+09:00  INFO 15720 --- [    Test worker] o.s.t.web.servlet.TestDispatcherServlet  : Completed initialization in 1 ms
2024-02-16T00:53:06.467+09:00  INFO 15720 --- [    Test worker] s.d.web.controller.MemberControllerTest  : Started MemberControllerTest in 1.25 seconds (process running for 9.427)
2024-02-16T00:53:06.587+09:00  INFO 15720 --- [    Test worker] s.demo.web.interceptor.LogInterceptor    : REQUEST [ae833d63-c1b9-4641-af9e-840c66588552][/members/new][sns.demo.web.controller.MemberController#createMember(JoinDTO, BindingResult, Errors)]
dto is JoinDTO(username=jewoo, password1=1234, password2=1234, email=jewoos15@naver.com)
2024-02-16T00:53:06.837+09:00  INFO 15720 --- [    Test worker] s.demo.web.interceptor.LogInterceptor    : postHandle [ModelAndView [view="redirect:/login"; model={}]]
2024-02-16T00:53:06.848+09:00  INFO 15720 --- [    Test worker] s.demo.web.interceptor.LogInterceptor    : RESPONSE [ae833d63-c1b9-4641-af9e-840c66588552][/members/new]
]]></system-out>
  <system-err><![CDATA[]]></system-err>
</testsuite>
