<?xml version="1.0" encoding="UTF-8"?>
<testsuite name="sns.demo.web.controller.MemberControllerTest" tests="1" skipped="0" failures="0" errors="0" timestamp="2024-02-19T08:23:00" hostname="DESKTOP-QG9F5VA" time="0.252">
  <properties/>
  <testcase name="회원가입 성공 - 유저네임, 이메일, 비밀번호 입력" classname="sns.demo.web.controller.MemberControllerTest" time="0.252"/>
  <system-out><![CDATA[2024-02-19T17:22:59.574+09:00  INFO 8080 --- [    Test worker] t.c.s.AnnotationConfigContextLoaderUtils : Could not detect default configuration classes for test class [sns.demo.web.controller.MemberControllerTest]: MemberControllerTest does not declare any static, non-private, non-final, nested classes annotated with @Configuration.
2024-02-19T17:22:59.606+09:00  INFO 8080 --- [    Test worker] .b.t.c.SpringBootTestContextBootstrapper : Found @SpringBootConfiguration sns.demo.DemoApplication for test class sns.demo.web.controller.MemberControllerTest

  .   ____          _            __ _ _
 /\\ / ___'_ __ _ _(_)_ __  __ _ \ \ \ \
( ( )\___ | '_ | '_| | '_ \/ _` | \ \ \ \
 \\/  ___)| |_)| | | | | || (_| |  ) ) ) )
  '  |____| .__|_| |_|_| |_\__, | / / / /
 =========|_|==============|___/=/_/_/_/
 :: Spring Boot ::                (v3.2.2)

2024-02-19T17:22:59.626+09:00  INFO 8080 --- [    Test worker] s.d.web.controller.MemberControllerTest  : Starting MemberControllerTest using Java 17.0.8 with PID 8080 (started by admin in C:\develop_dir\tasty_sns)
2024-02-19T17:22:59.626+09:00  INFO 8080 --- [    Test worker] s.d.web.controller.MemberControllerTest  : No active profile set, falling back to 1 default profile: "default"
2024-02-19T17:23:00.347+09:00  WARN 8080 --- [    Test worker] .s.s.UserDetailsServiceAutoConfiguration : 

Using generated security password: 69c58385-ffb0-42db-ba93-8f3954326803

This generated password is for development use only. Your security configuration must be updated before running your application in production.

2024-02-19T17:23:00.381+09:00  INFO 8080 --- [    Test worker] o.s.s.web.DefaultSecurityFilterChain     : Will secure any request with [org.springframework.security.web.session.DisableEncodeUrlFilter@67a2fb00, org.springframework.security.web.context.request.async.WebAsyncManagerIntegrationFilter@6145981c, org.springframework.security.web.context.SecurityContextHolderFilter@6066cf5, org.springframework.security.web.header.HeaderWriterFilter@6f215ff3, org.springframework.web.filter.CorsFilter@16bc97b9, org.springframework.security.web.csrf.CsrfFilter@72b92ce6, org.springframework.security.web.authentication.logout.LogoutFilter@23551fa1, org.springframework.security.web.authentication.UsernamePasswordAuthenticationFilter@3f4b52fa, org.springframework.security.web.authentication.ui.DefaultLoginPageGeneratingFilter@37736bf1, org.springframework.security.web.authentication.ui.DefaultLogoutPageGeneratingFilter@178cf671, org.springframework.security.web.authentication.www.BasicAuthenticationFilter@1c63aa5d, org.springframework.security.web.savedrequest.RequestCacheAwareFilter@3d63becf, org.springframework.security.web.servletapi.SecurityContextHolderAwareRequestFilter@5248688c, org.springframework.security.web.authentication.AnonymousAuthenticationFilter@6706657b, org.springframework.security.web.access.ExceptionTranslationFilter@31ebc5fa, org.springframework.security.web.access.intercept.AuthorizationFilter@5a372288]
2024-02-19T17:23:00.441+09:00  INFO 8080 --- [    Test worker] o.s.b.t.m.w.SpringBootMockServletContext : Initializing Spring TestDispatcherServlet ''
2024-02-19T17:23:00.441+09:00  INFO 8080 --- [    Test worker] o.s.t.web.servlet.TestDispatcherServlet  : Initializing Servlet ''
2024-02-19T17:23:00.441+09:00  INFO 8080 --- [    Test worker] o.s.t.web.servlet.TestDispatcherServlet  : Completed initialization in 0 ms
2024-02-19T17:23:00.457+09:00  INFO 8080 --- [    Test worker] s.d.web.controller.MemberControllerTest  : Started MemberControllerTest in 0.851 seconds (process running for 8.547)
2024-02-19T17:23:00.520+09:00  INFO 8080 --- [    Test worker] s.demo.web.interceptor.LogInterceptor    : REQUEST [8da3f0da-b5d6-4ff4-ac43-0d0743cbfa7a][/members/new][sns.demo.web.controller.MemberController#createMember(JoinDTO, BindingResult, Errors)]
dto is JoinDTO(username=jewoo, password1=1234, password2=1234, email=jewoos15@naver.com)
2024-02-19T17:23:00.694+09:00  INFO 8080 --- [    Test worker] s.demo.web.interceptor.LogInterceptor    : postHandle [ModelAndView [view="redirect:/login"; model={}]]
2024-02-19T17:23:00.694+09:00  INFO 8080 --- [    Test worker] s.demo.web.interceptor.LogInterceptor    : RESPONSE [8da3f0da-b5d6-4ff4-ac43-0d0743cbfa7a][/members/new]
]]></system-out>
  <system-err><![CDATA[]]></system-err>
</testsuite>
