<?xml version="1.0" encoding="UTF-8"?>
<testsuite name="sns.demo.service.MemberServiceTest" tests="4" skipped="0" failures="0" errors="0" timestamp="2023-12-20T10:03:14" hostname="DESKTOP-QG9F5VA" time="0.597">
  <properties/>
  <testcase name="findOne()" classname="sns.demo.service.MemberServiceTest" time="0.02"/>
  <testcase name="validDuplMember()" classname="sns.demo.service.MemberServiceTest" time="0.52"/>
  <testcase name="join()" classname="sns.demo.service.MemberServiceTest" time="0.036"/>
  <testcase name="findMembers()" classname="sns.demo.service.MemberServiceTest" time="0.018"/>
  <system-out><![CDATA[2023-12-20T19:03:14.164+09:00  INFO 13980 --- [    Test worker] t.c.s.AnnotationConfigContextLoaderUtils : Could not detect default configuration classes for test class [sns.demo.service.MemberServiceTest]: MemberServiceTest does not declare any static, non-private, non-final, nested classes annotated with @Configuration.
2023-12-20T19:03:14.168+09:00  INFO 13980 --- [    Test worker] .b.t.c.SpringBootTestContextBootstrapper : Found @SpringBootConfiguration sns.demo.DemoApplication for test class sns.demo.service.MemberServiceTest
2023-12-20T19:03:14.634+09:00 DEBUG 13980 --- [    Test worker] org.hibernate.SQL                        : 
    select
        m1_0.member_id,
        m1_0.password,
        m1_0.username 
    from
        member m1_0 
    where
        m1_0.username=?
Hibernate: 
    select
        m1_0.member_id,
        m1_0.password,
        m1_0.username 
    from
        member m1_0 
    where
        m1_0.username=?
2023-12-20T19:03:14.636+09:00 TRACE 13980 --- [    Test worker] org.hibernate.orm.jdbc.bind              : binding parameter (1:VARCHAR) <- [신제우]
2023-12-20T19:03:14.663+09:00 DEBUG 13980 --- [    Test worker] org.hibernate.SQL                        : 
    insert 
    into
        member
        (password, username) 
    values
        (?, ?)
Hibernate: 
    insert 
    into
        member
        (password, username) 
    values
        (?, ?)
2023-12-20T19:03:14.663+09:00 TRACE 13980 --- [    Test worker] org.hibernate.orm.jdbc.bind              : binding parameter (1:VARCHAR) <- [1219]
2023-12-20T19:03:14.663+09:00 TRACE 13980 --- [    Test worker] org.hibernate.orm.jdbc.bind              : binding parameter (2:VARCHAR) <- [신제우]
2023-12-20T19:03:14.687+09:00 DEBUG 13980 --- [    Test worker] org.hibernate.SQL                        : 
    select
        m1_0.member_id,
        m1_0.password,
        m1_0.username 
    from
        member m1_0 
    where
        m1_0.username=?
Hibernate: 
    select
        m1_0.member_id,
        m1_0.password,
        m1_0.username 
    from
        member m1_0 
    where
        m1_0.username=?
2023-12-20T19:03:14.687+09:00 TRACE 13980 --- [    Test worker] org.hibernate.orm.jdbc.bind              : binding parameter (1:VARCHAR) <- [신제우]
2023-12-20T19:03:14.722+09:00 DEBUG 13980 --- [    Test worker] org.hibernate.SQL                        : 
    select
        m1_0.member_id,
        m1_0.password,
        m1_0.username 
    from
        member m1_0 
    where
        m1_0.username=?
Hibernate: 
    select
        m1_0.member_id,
        m1_0.password,
        m1_0.username 
    from
        member m1_0 
    where
        m1_0.username=?
2023-12-20T19:03:14.723+09:00 TRACE 13980 --- [    Test worker] org.hibernate.orm.jdbc.bind              : binding parameter (1:VARCHAR) <- [신제우]
2023-12-20T19:03:14.729+09:00 DEBUG 13980 --- [    Test worker] org.hibernate.SQL                        : 
    insert 
    into
        member
        (password, username) 
    values
        (?, ?)
Hibernate: 
    insert 
    into
        member
        (password, username) 
    values
        (?, ?)
2023-12-20T19:03:14.729+09:00 TRACE 13980 --- [    Test worker] org.hibernate.orm.jdbc.bind              : binding parameter (1:VARCHAR) <- [1219]
2023-12-20T19:03:14.730+09:00 TRACE 13980 --- [    Test worker] org.hibernate.orm.jdbc.bind              : binding parameter (2:VARCHAR) <- [신제우]
]]></system-out>
  <system-err><![CDATA[]]></system-err>
</testsuite>
