<?xml version="1.0" encoding="UTF-8"?>
<testsuite name="sns.demo.repository.SnsBoardRepositoryTestEntity" tests="1" skipped="0" failures="0" errors="0" timestamp="2024-02-19T08:22:58" hostname="DESKTOP-QG9F5VA" time="0.612">
  <properties/>
  <testcase name="save()" classname="sns.demo.repository.SnsBoardRepositoryTestEntity" time="0.612"/>
  <system-out><![CDATA[17:22:52.727 [Test worker] INFO org.springframework.test.context.support.AnnotationConfigContextLoaderUtils -- Could not detect default configuration classes for test class [sns.demo.repository.SnsBoardRepositoryTestEntity]: SnsBoardRepositoryTestEntity does not declare any static, non-private, non-final, nested classes annotated with @Configuration.
17:22:52.804 [Test worker] INFO org.springframework.boot.test.context.SpringBootTestContextBootstrapper -- Found @SpringBootConfiguration sns.demo.DemoApplication for test class sns.demo.repository.SnsBoardRepositoryTestEntity

  .   ____          _            __ _ _
 /\\ / ___'_ __ _ _(_)_ __  __ _ \ \ \ \
( ( )\___ | '_ | '_| | '_ \/ _` | \ \ \ \
 \\/  ___)| |_)| | | | | || (_| |  ) ) ) )
  '  |____| .__|_| |_|_| |_\__, | / / / /
 =========|_|==============|___/=/_/_/_/
 :: Spring Boot ::                (v3.2.2)

2024-02-19T17:22:53.210+09:00  INFO 8080 --- [    Test worker] s.d.r.SnsBoardRepositoryTestEntity       : Starting SnsBoardRepositoryTestEntity using Java 17.0.8 with PID 8080 (started by admin in C:\develop_dir\tasty_sns)
2024-02-19T17:22:53.210+09:00  INFO 8080 --- [    Test worker] s.d.r.SnsBoardRepositoryTestEntity       : No active profile set, falling back to 1 default profile: "default"
2024-02-19T17:22:54.056+09:00  INFO 8080 --- [    Test worker] .s.d.r.c.RepositoryConfigurationDelegate : Bootstrapping Spring Data JPA repositories in DEFAULT mode.
2024-02-19T17:22:54.103+09:00  INFO 8080 --- [    Test worker] .s.d.r.c.RepositoryConfigurationDelegate : Finished Spring Data repository scanning in 43 ms. Found 1 JPA repository interface.
2024-02-19T17:22:54.671+09:00  INFO 8080 --- [    Test worker] o.hibernate.jpa.internal.util.LogHelper  : HHH000204: Processing PersistenceUnitInfo [name: default]
2024-02-19T17:22:54.779+09:00  INFO 8080 --- [    Test worker] org.hibernate.Version                    : HHH000412: Hibernate ORM core version 6.4.1.Final
2024-02-19T17:22:54.841+09:00  INFO 8080 --- [    Test worker] o.h.c.internal.RegionFactoryInitiator    : HHH000026: Second-level cache disabled
2024-02-19T17:22:55.188+09:00  INFO 8080 --- [    Test worker] o.s.o.j.p.SpringPersistenceUnitInfo      : No LoadTimeWeaver setup: ignoring JPA class transformer
2024-02-19T17:22:55.251+09:00  INFO 8080 --- [    Test worker] com.zaxxer.hikari.HikariDataSource       : HikariPool-1 - Starting...
2024-02-19T17:22:55.709+09:00  INFO 8080 --- [    Test worker] com.zaxxer.hikari.pool.HikariPool        : HikariPool-1 - Added connection com.mysql.cj.jdbc.ConnectionImpl@47ffdbba
2024-02-19T17:22:55.709+09:00  INFO 8080 --- [    Test worker] com.zaxxer.hikari.HikariDataSource       : HikariPool-1 - Start completed.
2024-02-19T17:22:55.773+09:00  WARN 8080 --- [    Test worker] org.hibernate.orm.deprecation            : HHH90000025: MySQLDialect does not need to be specified explicitly using 'hibernate.dialect' (remove the property setting and it will be selected by default)
2024-02-19T17:22:56.815+09:00  INFO 8080 --- [    Test worker] o.h.e.t.j.p.i.JtaPlatformInitiator       : HHH000489: No JTA platform available (set 'hibernate.transaction.jta.platform' to enable JTA platform integration)
2024-02-19T17:22:56.815+09:00  INFO 8080 --- [    Test worker] j.LocalContainerEntityManagerFactoryBean : Initialized JPA EntityManagerFactory for persistence unit 'default'
2024-02-19T17:22:57.491+09:00  WARN 8080 --- [    Test worker] JpaBaseConfiguration$JpaWebConfiguration : spring.jpa.open-in-view is enabled by default. Therefore, database queries may be performed during view rendering. Explicitly configure spring.jpa.open-in-view to disable this warning
2024-02-19T17:22:58.050+09:00  INFO 8080 --- [    Test worker] o.s.s.web.DefaultSecurityFilterChain     : Will secure any request with [org.springframework.security.web.session.DisableEncodeUrlFilter@1c294a17, org.springframework.security.web.context.request.async.WebAsyncManagerIntegrationFilter@7a458c73, org.springframework.security.web.context.SecurityContextHolderFilter@ab11e76, org.springframework.security.web.header.HeaderWriterFilter@3da8a302, org.springframework.web.filter.CorsFilter@47a72c32, org.springframework.security.web.authentication.logout.LogoutFilter@35c83c56, org.springframework.security.web.authentication.UsernamePasswordAuthenticationFilter@7bf3bf2e, org.springframework.security.web.savedrequest.RequestCacheAwareFilter@69d6fe75, org.springframework.security.web.servletapi.SecurityContextHolderAwareRequestFilter@3d273300, org.springframework.security.web.authentication.AnonymousAuthenticationFilter@112f8f8f, org.springframework.security.web.access.ExceptionTranslationFilter@2e268c19, org.springframework.security.web.access.intercept.AuthorizationFilter@3638120f]
2024-02-19T17:22:58.539+09:00  INFO 8080 --- [    Test worker] s.d.r.SnsBoardRepositoryTestEntity       : Started SnsBoardRepositoryTestEntity in 5.562 seconds (process running for 6.627)
2024-02-19T17:22:59.057+09:00 DEBUG 8080 --- [    Test worker] org.hibernate.SQL                        : 
    insert 
    into
        board
        (content, created_date, like_count, member_id, modified_date, title, view_count) 
    values
        (?, ?, ?, ?, ?, ?, ?)
Hibernate: 
    insert 
    into
        board
        (content, created_date, like_count, member_id, modified_date, title, view_count) 
    values
        (?, ?, ?, ?, ?, ?, ?)
2024-02-19T17:22:59.073+09:00 TRACE 8080 --- [    Test worker] org.hibernate.orm.jdbc.bind              : binding parameter (1:VARCHAR) <- [맛집은 세상을 아름답게해]
2024-02-19T17:22:59.073+09:00 TRACE 8080 --- [    Test worker] org.hibernate.orm.jdbc.bind              : binding parameter (2:TIMESTAMP) <- [2024-02-19T17:22:59.010574800]
2024-02-19T17:22:59.073+09:00 TRACE 8080 --- [    Test worker] org.hibernate.orm.jdbc.bind              : binding parameter (3:BIGINT) <- [null]
2024-02-19T17:22:59.073+09:00 TRACE 8080 --- [    Test worker] org.hibernate.orm.jdbc.bind              : binding parameter (4:BIGINT) <- [null]
2024-02-19T17:22:59.073+09:00 TRACE 8080 --- [    Test worker] org.hibernate.orm.jdbc.bind              : binding parameter (5:TIMESTAMP) <- [2024-02-19T17:22:59.010574800]
2024-02-19T17:22:59.073+09:00 TRACE 8080 --- [    Test worker] org.hibernate.orm.jdbc.bind              : binding parameter (6:VARCHAR) <- [제우식당]
2024-02-19T17:22:59.073+09:00 TRACE 8080 --- [    Test worker] org.hibernate.orm.jdbc.bind              : binding parameter (7:BIGINT) <- [null]
]]></system-out>
  <system-err><![CDATA[]]></system-err>
</testsuite>
