<?xml version="1.0" encoding="UTF-8"?>
<testsuite name="sns.demo.web.controller.MemberControllerTest" tests="1" skipped="0" failures="0" errors="0" timestamp="2024-02-22T03:01:08" hostname="DESKTOP-QG9F5VA" time="0.353">
  <properties/>
  <testcase name="회원가입 성공 - 유저네임, 이메일, 비밀번호 입력" classname="sns.demo.web.controller.MemberControllerTest" time="0.353"/>
  <system-out><![CDATA[2024-02-22T12:01:07.379+09:00  INFO 6884 --- [    Test worker] t.c.s.AnnotationConfigContextLoaderUtils : Could not detect default configuration classes for test class [sns.demo.web.controller.MemberControllerTest]: MemberControllerTest does not declare any static, non-private, non-final, nested classes annotated with @Configuration.
2024-02-22T12:01:07.410+09:00  INFO 6884 --- [    Test worker] .b.t.c.SpringBootTestContextBootstrapper : Found @SpringBootConfiguration sns.demo.DemoApplication for test class sns.demo.web.controller.MemberControllerTest

  .   ____          _            __ _ _
 /\\ / ___'_ __ _ _(_)_ __  __ _ \ \ \ \
( ( )\___ | '_ | '_| | '_ \/ _` | \ \ \ \
 \\/  ___)| |_)| | | | | || (_| |  ) ) ) )
  '  |____| .__|_| |_|_| |_\__, | / / / /
 =========|_|==============|___/=/_/_/_/
 :: Spring Boot ::                (v3.2.2)

2024-02-22T12:01:07.436+09:00  INFO 6884 --- [    Test worker] s.d.web.controller.MemberControllerTest  : Starting MemberControllerTest using Java 17.0.8 with PID 6884 (started by admin in C:\develop_dir\tasty_sns)
2024-02-22T12:01:07.436+09:00  INFO 6884 --- [    Test worker] s.d.web.controller.MemberControllerTest  : No active profile set, falling back to 1 default profile: "default"
2024-02-22T12:01:08.343+09:00  WARN 6884 --- [    Test worker] .s.s.UserDetailsServiceAutoConfiguration : 

Using generated security password: ffb8e1d3-cc91-46cc-b65d-48ad8c99f77e

This generated password is for development use only. Your security configuration must be updated before running your application in production.

2024-02-22T12:01:08.380+09:00  INFO 6884 --- [    Test worker] o.s.s.web.DefaultSecurityFilterChain     : Will secure any request with [org.springframework.security.web.session.DisableEncodeUrlFilter@4e2860d3, org.springframework.security.web.context.request.async.WebAsyncManagerIntegrationFilter@322b500a, org.springframework.security.web.context.SecurityContextHolderFilter@7308c29a, org.springframework.security.web.header.HeaderWriterFilter@3468faa5, org.springframework.web.filter.CorsFilter@52ac4878, org.springframework.security.web.csrf.CsrfFilter@5a372288, org.springframework.security.web.authentication.logout.LogoutFilter@6145981c, org.springframework.security.web.authentication.UsernamePasswordAuthenticationFilter@6706657b, org.springframework.security.web.authentication.ui.DefaultLoginPageGeneratingFilter@63fa0b9, org.springframework.security.web.authentication.ui.DefaultLogoutPageGeneratingFilter@4a28852d, org.springframework.security.web.authentication.www.BasicAuthenticationFilter@c8293cb, org.springframework.security.web.savedrequest.RequestCacheAwareFilter@10c88d11, org.springframework.security.web.servletapi.SecurityContextHolderAwareRequestFilter@75f1c170, org.springframework.security.web.authentication.AnonymousAuthenticationFilter@478b5a43, org.springframework.security.web.access.ExceptionTranslationFilter@3f4b52fa, org.springframework.security.web.access.intercept.AuthorizationFilter@178cf671]
2024-02-22T12:01:08.455+09:00  INFO 6884 --- [    Test worker] o.s.b.t.m.w.SpringBootMockServletContext : Initializing Spring TestDispatcherServlet ''
2024-02-22T12:01:08.457+09:00  INFO 6884 --- [    Test worker] o.s.t.web.servlet.TestDispatcherServlet  : Initializing Servlet ''
2024-02-22T12:01:08.459+09:00  INFO 6884 --- [    Test worker] o.s.t.web.servlet.TestDispatcherServlet  : Completed initialization in 1 ms
2024-02-22T12:01:08.488+09:00  INFO 6884 --- [    Test worker] s.d.web.controller.MemberControllerTest  : Started MemberControllerTest in 1.075 seconds (process running for 9.107)
2024-02-22T12:01:08.568+09:00  INFO 6884 --- [    Test worker] s.demo.web.interceptor.LogInterceptor    : REQUEST [adce5f8d-7de3-4a87-a982-a6e8b96d6ca1][/members/new][sns.demo.web.controller.MemberController#createMember(JoinDTO, BindingResult, Errors)]
dto is JoinDTO(username=jewoo, password1=1234, password2=1234, email=jewoos15@naver.com)
2024-02-22T12:01:08.812+09:00  INFO 6884 --- [    Test worker] s.demo.web.interceptor.LogInterceptor    : postHandle [ModelAndView [view="redirect:/login"; model={}]]
2024-02-22T12:01:08.822+09:00  INFO 6884 --- [    Test worker] s.demo.web.interceptor.LogInterceptor    : RESPONSE [adce5f8d-7de3-4a87-a982-a6e8b96d6ca1][/members/new]
]]></system-out>
  <system-err><![CDATA[]]></system-err>
</testsuite>
