<?xml version="1.0" encoding="UTF-8"?>
<testsuite name="sns.demo.repository.SnsBoardRepositoryTest" tests="4" skipped="0" failures="0" errors="0" timestamp="2023-12-20T10:03:13" hostname="DESKTOP-QG9F5VA" time="0.238">
  <properties/>
  <testcase name="delete()" classname="sns.demo.repository.SnsBoardRepositoryTest" time="0.003"/>
  <testcase name="findAll()" classname="sns.demo.repository.SnsBoardRepositoryTest" time="0.002"/>
  <testcase name="findById()" classname="sns.demo.repository.SnsBoardRepositoryTest" time="0.002"/>
  <testcase name="save()" classname="sns.demo.repository.SnsBoardRepositoryTest" time="0.228"/>
  <system-out><![CDATA[2023-12-20T19:03:13.913+09:00  INFO 13980 --- [    Test worker] t.c.s.AnnotationConfigContextLoaderUtils : Could not detect default configuration classes for test class [sns.demo.repository.SnsBoardRepositoryTest]: SnsBoardRepositoryTest does not declare any static, non-private, non-final, nested classes annotated with @Configuration.
2023-12-20T19:03:13.919+09:00  INFO 13980 --- [    Test worker] .b.t.c.SpringBootTestContextBootstrapper : Found @SpringBootConfiguration sns.demo.DemoApplication for test class sns.demo.repository.SnsBoardRepositoryTest
2023-12-20T19:03:14.053+09:00 DEBUG 13980 --- [    Test worker] org.hibernate.SQL                        : 
    insert 
    into
        board
        (content, reg_date, writer) 
    values
        (?, ?, ?)
Hibernate: 
    insert 
    into
        board
        (content, reg_date, writer) 
    values
        (?, ?, ?)
2023-12-20T19:03:14.066+09:00 TRACE 13980 --- [    Test worker] org.hibernate.orm.jdbc.bind              : binding parameter (1:VARCHAR) <- [맛집은 세상을 아름답게해]
2023-12-20T19:03:14.067+09:00 TRACE 13980 --- [    Test worker] org.hibernate.orm.jdbc.bind              : binding parameter (2:TIMESTAMP) <- [2023-12-20T19:03:14.049262]
2023-12-20T19:03:14.068+09:00 TRACE 13980 --- [    Test worker] org.hibernate.orm.jdbc.bind              : binding parameter (3:VARCHAR) <- [신제우]
]]></system-out>
  <system-err><![CDATA[]]></system-err>
</testsuite>
