<?xml version="1.0" encoding="UTF-8"?>
<testsuite name="sns.demo.service.MemberServiceTest" tests="2" skipped="0" failures="0" errors="0" timestamp="2024-02-22T03:01:06" hostname="DESKTOP-QG9F5VA" time="0.452">
  <properties/>
  <testcase name="validDuplMember()" classname="sns.demo.service.MemberServiceTest" time="0.072"/>
  <testcase name="join()" classname="sns.demo.service.MemberServiceTest" time="0.379"/>
  <system-out><![CDATA[2024-02-22T12:01:06.908+09:00  INFO 6884 --- [    Test worker] t.c.s.AnnotationConfigContextLoaderUtils : Could not detect default configuration classes for test class [sns.demo.service.MemberServiceTest]: MemberServiceTest does not declare any static, non-private, non-final, nested classes annotated with @Configuration.
2024-02-22T12:01:06.916+09:00  INFO 6884 --- [    Test worker] .b.t.c.SpringBootTestContextBootstrapper : Found @SpringBootConfiguration sns.demo.DemoApplication for test class sns.demo.service.MemberServiceTest
2024-02-22T12:01:06.941+09:00 DEBUG 6884 --- [    Test worker] org.hibernate.SQL                        : 
    insert 
    into
        member
        (created_date, email, modified_date, password, role, username) 
    values
        (?, ?, ?, ?, ?, ?)
Hibernate: 
    insert 
    into
        member
        (created_date, email, modified_date, password, role, username) 
    values
        (?, ?, ?, ?, ?, ?)
2024-02-22T12:01:06.942+09:00 TRACE 6884 --- [    Test worker] org.hibernate.orm.jdbc.bind              : binding parameter (1:TIMESTAMP) <- [2024-02-22T12:01:06.940042700]
2024-02-22T12:01:06.942+09:00 TRACE 6884 --- [    Test worker] org.hibernate.orm.jdbc.bind              : binding parameter (2:VARCHAR) <- [null]
2024-02-22T12:01:06.942+09:00 TRACE 6884 --- [    Test worker] org.hibernate.orm.jdbc.bind              : binding parameter (3:TIMESTAMP) <- [2024-02-22T12:01:06.940042700]
2024-02-22T12:01:06.943+09:00 TRACE 6884 --- [    Test worker] org.hibernate.orm.jdbc.bind              : binding parameter (4:VARCHAR) <- [1219]
2024-02-22T12:01:06.943+09:00 TRACE 6884 --- [    Test worker] org.hibernate.orm.jdbc.bind              : binding parameter (5:ENUM) <- [null]
2024-02-22T12:01:06.943+09:00 TRACE 6884 --- [    Test worker] org.hibernate.orm.jdbc.bind              : binding parameter (6:VARCHAR) <- [신제우]
2024-02-22T12:01:06.953+09:00 DEBUG 6884 --- [    Test worker] org.hibernate.SQL                        : 
    insert 
    into
        member
        (created_date, email, modified_date, password, role, username) 
    values
        (?, ?, ?, ?, ?, ?)
Hibernate: 
    insert 
    into
        member
        (created_date, email, modified_date, password, role, username) 
    values
        (?, ?, ?, ?, ?, ?)
2024-02-22T12:01:06.953+09:00 TRACE 6884 --- [    Test worker] org.hibernate.orm.jdbc.bind              : binding parameter (1:TIMESTAMP) <- [2024-02-22T12:01:06.952331]
2024-02-22T12:01:06.953+09:00 TRACE 6884 --- [    Test worker] org.hibernate.orm.jdbc.bind              : binding parameter (2:VARCHAR) <- [null]
2024-02-22T12:01:06.953+09:00 TRACE 6884 --- [    Test worker] org.hibernate.orm.jdbc.bind              : binding parameter (3:TIMESTAMP) <- [2024-02-22T12:01:06.952331]
2024-02-22T12:01:06.954+09:00 TRACE 6884 --- [    Test worker] org.hibernate.orm.jdbc.bind              : binding parameter (4:VARCHAR) <- [1219]
2024-02-22T12:01:06.954+09:00 TRACE 6884 --- [    Test worker] org.hibernate.orm.jdbc.bind              : binding parameter (5:ENUM) <- [null]
2024-02-22T12:01:06.954+09:00 TRACE 6884 --- [    Test worker] org.hibernate.orm.jdbc.bind              : binding parameter (6:VARCHAR) <- [신제우]
2024-02-22T12:01:06.969+09:00  WARN 6884 --- [    Test worker] o.h.engine.jdbc.spi.SqlExceptionHelper   : SQL Error: 1062, SQLState: 23000
2024-02-22T12:01:06.969+09:00 ERROR 6884 --- [    Test worker] o.h.engine.jdbc.spi.SqlExceptionHelper   : Duplicate entry '신제우' for key 'member.UK_gc3jmn7c2abyo3wf6syln5t2i'
2024-02-22T12:01:07.005+09:00 DEBUG 6884 --- [    Test worker] org.hibernate.SQL                        : 
    insert 
    into
        member
        (created_date, email, modified_date, password, role, username) 
    values
        (?, ?, ?, ?, ?, ?)
Hibernate: 
    insert 
    into
        member
        (created_date, email, modified_date, password, role, username) 
    values
        (?, ?, ?, ?, ?, ?)
2024-02-22T12:01:07.005+09:00 TRACE 6884 --- [    Test worker] org.hibernate.orm.jdbc.bind              : binding parameter (1:TIMESTAMP) <- [2024-02-22T12:01:07.005002]
2024-02-22T12:01:07.005+09:00 TRACE 6884 --- [    Test worker] org.hibernate.orm.jdbc.bind              : binding parameter (2:VARCHAR) <- [null]
2024-02-22T12:01:07.005+09:00 TRACE 6884 --- [    Test worker] org.hibernate.orm.jdbc.bind              : binding parameter (3:TIMESTAMP) <- [2024-02-22T12:01:07.005002]
2024-02-22T12:01:07.005+09:00 TRACE 6884 --- [    Test worker] org.hibernate.orm.jdbc.bind              : binding parameter (4:VARCHAR) <- [1234]
2024-02-22T12:01:07.005+09:00 TRACE 6884 --- [    Test worker] org.hibernate.orm.jdbc.bind              : binding parameter (5:ENUM) <- [null]
2024-02-22T12:01:07.005+09:00 TRACE 6884 --- [    Test worker] org.hibernate.orm.jdbc.bind              : binding parameter (6:VARCHAR) <- [신제우]
2024-02-22T12:01:07.329+09:00 DEBUG 6884 --- [    Test worker] org.hibernate.SQL                        : 
    select
        m1_0.member_id,
        m1_0.created_date,
        m1_0.email,
        m1_0.modified_date,
        m1_0.password,
        m1_0.role,
        m1_0.username 
    from
        member m1_0 
    where
        m1_0.username=?
Hibernate: 
    select
        m1_0.member_id,
        m1_0.created_date,
        m1_0.email,
        m1_0.modified_date,
        m1_0.password,
        m1_0.role,
        m1_0.username 
    from
        member m1_0 
    where
        m1_0.username=?
2024-02-22T12:01:07.331+09:00 TRACE 6884 --- [    Test worker] org.hibernate.orm.jdbc.bind              : binding parameter (1:VARCHAR) <- [신제우]
]]></system-out>
  <system-err><![CDATA[]]></system-err>
</testsuite>
