<?xml version="1.0" encoding="UTF-8"?>
<testsuite name="sns.demo.DemoApplicationTests" tests="1" skipped="0" failures="0" errors="0" timestamp="2023-12-20T10:03:13" hostname="DESKTOP-QG9F5VA" time="0.405">
  <properties/>
  <testcase name="contextLoads()" classname="sns.demo.DemoApplicationTests" time="0.405"/>
  <system-out><![CDATA[19:03:09.022 [Test worker] INFO org.springframework.test.context.support.AnnotationConfigContextLoaderUtils -- Could not detect default configuration classes for test class [sns.demo.DemoApplicationTests]: DemoApplicationTests does not declare any static, non-private, non-final, nested classes annotated with @Configuration.
19:03:09.138 [Test worker] INFO org.springframework.boot.test.context.SpringBootTestContextBootstrapper -- Found @SpringBootConfiguration sns.demo.DemoApplication for test class sns.demo.DemoApplicationTests

  .   ____          _            __ _ _
 /\\ / ___'_ __ _ _(_)_ __  __ _ \ \ \ \
( ( )\___ | '_ | '_| | '_ \/ _` | \ \ \ \
 \\/  ___)| |_)| | | | | || (_| |  ) ) ) )
  '  |____| .__|_| |_|_| |_\__, | / / / /
 =========|_|==============|___/=/_/_/_/
 :: Spring Boot ::                (v3.2.0)

2023-12-20T19:03:09.512+09:00  INFO 13980 --- [    Test worker] sns.demo.DemoApplicationTests            : Starting DemoApplicationTests using Java 17.0.8 with PID 13980 (started by admin in C:\develop_dir\demo)
2023-12-20T19:03:09.513+09:00  INFO 13980 --- [    Test worker] sns.demo.DemoApplicationTests            : No active profile set, falling back to 1 default profile: "default"
2023-12-20T19:03:10.252+09:00  INFO 13980 --- [    Test worker] .s.d.r.c.RepositoryConfigurationDelegate : Bootstrapping Spring Data JPA repositories in DEFAULT mode.
2023-12-20T19:03:10.286+09:00  INFO 13980 --- [    Test worker] .s.d.r.c.RepositoryConfigurationDelegate : Finished Spring Data repository scanning in 18 ms. Found 0 JPA repository interfaces.
2023-12-20T19:03:10.846+09:00  INFO 13980 --- [    Test worker] o.hibernate.jpa.internal.util.LogHelper  : HHH000204: Processing PersistenceUnitInfo [name: default]
2023-12-20T19:03:10.914+09:00  INFO 13980 --- [    Test worker] org.hibernate.Version                    : HHH000412: Hibernate ORM core version 6.3.1.Final
2023-12-20T19:03:10.957+09:00  INFO 13980 --- [    Test worker] o.h.c.internal.RegionFactoryInitiator    : HHH000026: Second-level cache disabled
2023-12-20T19:03:11.236+09:00  INFO 13980 --- [    Test worker] o.s.o.j.p.SpringPersistenceUnitInfo      : No LoadTimeWeaver setup: ignoring JPA class transformer
2023-12-20T19:03:11.270+09:00  INFO 13980 --- [    Test worker] com.zaxxer.hikari.HikariDataSource       : HikariPool-1 - Starting...
2023-12-20T19:03:11.641+09:00  INFO 13980 --- [    Test worker] com.zaxxer.hikari.pool.HikariPool        : HikariPool-1 - Added connection com.mysql.cj.jdbc.ConnectionImpl@7878bbdb
2023-12-20T19:03:11.642+09:00  INFO 13980 --- [    Test worker] com.zaxxer.hikari.HikariDataSource       : HikariPool-1 - Start completed.
2023-12-20T19:03:11.712+09:00  WARN 13980 --- [    Test worker] org.hibernate.orm.deprecation            : HHH90000025: MySQLDialect does not need to be specified explicitly using 'hibernate.dialect' (remove the property setting and it will be selected by default)
2023-12-20T19:03:12.403+09:00  INFO 13980 --- [    Test worker] o.h.e.t.j.p.i.JtaPlatformInitiator       : HHH000489: No JTA platform available (set 'hibernate.transaction.jta.platform' to enable JTA platform integration)
2023-12-20T19:03:12.417+09:00 DEBUG 13980 --- [    Test worker] org.hibernate.SQL                        : 
    drop table if exists board
Hibernate: 
    drop table if exists board
2023-12-20T19:03:12.499+09:00 DEBUG 13980 --- [    Test worker] org.hibernate.SQL                        : 
    drop table if exists member
Hibernate: 
    drop table if exists member
2023-12-20T19:03:12.530+09:00 DEBUG 13980 --- [    Test worker] org.hibernate.SQL                        : 
    create table board (
        board_id bigint not null auto_increment,
        reg_date datetime(6),
        content varchar(20) not null,
        writer varchar(20) not null,
        primary key (board_id)
    ) engine=InnoDB
Hibernate: 
    create table board (
        board_id bigint not null auto_increment,
        reg_date datetime(6),
        content varchar(20) not null,
        writer varchar(20) not null,
        primary key (board_id)
    ) engine=InnoDB
2023-12-20T19:03:12.584+09:00 DEBUG 13980 --- [    Test worker] org.hibernate.SQL                        : 
    create table member (
        member_id bigint not null auto_increment,
        password varchar(255),
        username varchar(255),
        primary key (member_id)
    ) engine=InnoDB
Hibernate: 
    create table member (
        member_id bigint not null auto_increment,
        password varchar(255),
        username varchar(255),
        primary key (member_id)
    ) engine=InnoDB
2023-12-20T19:03:12.631+09:00  INFO 13980 --- [    Test worker] j.LocalContainerEntityManagerFactoryBean : Initialized JPA EntityManagerFactory for persistence unit 'default'
2023-12-20T19:03:12.936+09:00  WARN 13980 --- [    Test worker] JpaBaseConfiguration$JpaWebConfiguration : spring.jpa.open-in-view is enabled by default. Therefore, database queries may be performed during view rendering. Explicitly configure spring.jpa.open-in-view to disable this warning
2023-12-20T19:03:13.485+09:00  INFO 13980 --- [    Test worker] sns.demo.DemoApplicationTests            : Started DemoApplicationTests in 4.199 seconds (process running for 5.237)
]]></system-out>
  <system-err><![CDATA[]]></system-err>
</testsuite>
