<?xml version="1.0" encoding="UTF-8"?>
<testsuite name="sns.demo.web.controller.MemberControllerTest" tests="1" skipped="0" failures="0" errors="0" timestamp="2024-02-18T07:12:47" hostname="DESKTOP-QG9F5VA" time="0.215">
  <properties/>
  <testcase name="회원가입 성공 - 유저네임, 이메일, 비밀번호 입력" classname="sns.demo.web.controller.MemberControllerTest" time="0.215"/>
  <system-out><![CDATA[2024-02-18T16:12:46.572+09:00  INFO 8152 --- [    Test worker] t.c.s.AnnotationConfigContextLoaderUtils : Could not detect default configuration classes for test class [sns.demo.web.controller.MemberControllerTest]: MemberControllerTest does not declare any static, non-private, non-final, nested classes annotated with @Configuration.
2024-02-18T16:12:46.599+09:00  INFO 8152 --- [    Test worker] .b.t.c.SpringBootTestContextBootstrapper : Found @SpringBootConfiguration sns.demo.DemoApplication for test class sns.demo.web.controller.MemberControllerTest

  .   ____          _            __ _ _
 /\\ / ___'_ __ _ _(_)_ __  __ _ \ \ \ \
( ( )\___ | '_ | '_| | '_ \/ _` | \ \ \ \
 \\/  ___)| |_)| | | | | || (_| |  ) ) ) )
  '  |____| .__|_| |_|_| |_\__, | / / / /
 =========|_|==============|___/=/_/_/_/
 :: Spring Boot ::                (v3.2.2)

2024-02-18T16:12:46.621+09:00  INFO 8152 --- [    Test worker] s.d.web.controller.MemberControllerTest  : Starting MemberControllerTest using Java 17.0.8 with PID 8152 (started by admin in C:\develop_dir\tasty_sns)
2024-02-18T16:12:46.622+09:00  INFO 8152 --- [    Test worker] s.d.web.controller.MemberControllerTest  : No active profile set, falling back to 1 default profile: "default"
2024-02-18T16:12:47.311+09:00  WARN 8152 --- [    Test worker] .s.s.UserDetailsServiceAutoConfiguration : 

Using generated security password: d229b4d9-0803-4bde-a3c0-1fe625697deb

This generated password is for development use only. Your security configuration must be updated before running your application in production.

2024-02-18T16:12:47.337+09:00  INFO 8152 --- [    Test worker] o.s.s.web.DefaultSecurityFilterChain     : Will secure any request with [org.springframework.security.web.session.DisableEncodeUrlFilter@3f4b52fa, org.springframework.security.web.context.request.async.WebAsyncManagerIntegrationFilter@3468faa5, org.springframework.security.web.context.SecurityContextHolderFilter@4ccfd904, org.springframework.security.web.header.HeaderWriterFilter@3d7fc4b3, org.springframework.web.filter.CorsFilter@7308c29a, org.springframework.security.web.csrf.CsrfFilter@492b12e5, org.springframework.security.web.authentication.logout.LogoutFilter@6f215ff3, org.springframework.security.web.authentication.UsernamePasswordAuthenticationFilter@5248688c, org.springframework.security.web.authentication.ui.DefaultLoginPageGeneratingFilter@47609e3d, org.springframework.security.web.authentication.ui.DefaultLogoutPageGeneratingFilter@10c88d11, org.springframework.security.web.authentication.www.BasicAuthenticationFilter@5a372288, org.springframework.security.web.savedrequest.RequestCacheAwareFilter@5de25642, org.springframework.security.web.servletapi.SecurityContextHolderAwareRequestFilter@479885d, org.springframework.security.web.authentication.AnonymousAuthenticationFilter@75f1c170, org.springframework.security.web.access.ExceptionTranslationFilter@20ff27a4, org.springframework.security.web.access.intercept.AuthorizationFilter@3d63becf]
2024-02-18T16:12:47.388+09:00  INFO 8152 --- [    Test worker] o.s.b.t.m.w.SpringBootMockServletContext : Initializing Spring TestDispatcherServlet ''
2024-02-18T16:12:47.389+09:00  INFO 8152 --- [    Test worker] o.s.t.web.servlet.TestDispatcherServlet  : Initializing Servlet ''
2024-02-18T16:12:47.390+09:00  INFO 8152 --- [    Test worker] o.s.t.web.servlet.TestDispatcherServlet  : Completed initialization in 1 ms
2024-02-18T16:12:47.407+09:00  INFO 8152 --- [    Test worker] s.d.web.controller.MemberControllerTest  : Started MemberControllerTest in 0.806 seconds (process running for 7.261)
2024-02-18T16:12:47.459+09:00  INFO 8152 --- [    Test worker] s.demo.web.interceptor.LogInterceptor    : REQUEST [89460b81-95cb-43d9-831e-b0ee3dd69699][/members/new][sns.demo.web.controller.MemberController#createMember(JoinDTO, BindingResult, Errors)]
dto is JoinDTO(username=jewoo, password1=1234, password2=1234, email=jewoos15@naver.com)
2024-02-18T16:12:47.612+09:00  INFO 8152 --- [    Test worker] s.demo.web.interceptor.LogInterceptor    : postHandle [ModelAndView [view="redirect:/login"; model={}]]
2024-02-18T16:12:47.618+09:00  INFO 8152 --- [    Test worker] s.demo.web.interceptor.LogInterceptor    : RESPONSE [89460b81-95cb-43d9-831e-b0ee3dd69699][/members/new]
]]></system-out>
  <system-err><![CDATA[]]></system-err>
</testsuite>
